<?xml version="1.0" encoding="utf-8" standalone="no"?>
<!--This file represents the results of running a test suite-->
<test-results name="D:\Programování\EvoX\Tests\bin\Debug\EvoX.Tests.dll" total="1" errors="0" failures="1" not-run="0" inconclusive="0" ignored="0" skipped="0" invalid="0" date="2011-05-16" time="23:13:37">
  <environment nunit-version="2.5.8.10295" clr-version="2.0.50727.5444" os-version="Microsoft Windows NT 6.1.7601 Service Pack 1" platform="Win32NT" cwd="D:\Programování\EvoX\Tests\bin\Debug" machine-name="TRUPIK" user="Jakub" user-domain="Trupik" />
  <culture-info current-culture="cs-CZ" current-uiculture="en-US" />
  <test-suite type="Assembly" name="D:\Programování\EvoX\Tests\bin\Debug\EvoX.Tests.dll" executed="True" result="Failure" success="False" time="0.025" asserts="0">
    <results>
      <test-suite type="Namespace" name="Tests" executed="True" result="Failure" success="False" time="0.025" asserts="0">
        <results>
          <test-suite type="Namespace" name="CodeTests" executed="True" result="Failure" success="False" time="0.025" asserts="0">
            <results>
              <test-suite type="TestFixture" name="SerializeDeserializeTest" executed="True" result="Failure" success="False" time="0.000" asserts="0">
                <results>
                  <test-case name="Tests.CodeTests.SerializeDeserializeTest.TestSerializeDeserializeOverride" executed="True" result="Failure" success="False" time="0.000" asserts="6">
                    <failure>
                      <message><![CDATA[  Type 'EvoXVersionedObjectNotAPartOfSchema' should override 'Serialize' method. 
  Expected: <EvoX.Model.EvoXObject>
  But was:  <EvoX.Model.EvoXVersionedObjectNotAPartOfSchema>
]]></message>
                      <stack-trace><![CDATA[at Tests.CodeTests.CodeTestBase.TestMethodPresent(Type type, String methodName) in D:\Programování\EvoX\Tests\CodeTests\CodeTestBase.cs:line 30
at Tests.CodeTests.SerializeDeserializeTest.TestSerializeDeserializeOverride() in D:\Programování\EvoX\Tests\CodeTests\SerializeDeserializeTest.cs:line 28
]]></stack-trace>
                    </failure>
                  </test-case>
                </results>
              </test-suite>
            </results>
          </test-suite>
        </results>
      </test-suite>
    </results>
  </test-suite>
</test-results>